e:\desktop\makeit\cg\project\软渲染器\tinyrenderer\tinyrenderer\bin-int-debug\vc142.pdb
e:\desktop\makeit\cg\project\软渲染器\tinyrenderer\tinyrenderer\bin-int-debug\vc142.idb
e:\desktop\makeit\cg\project\软渲染器\tinyrenderer\tinyrenderer\bin-int-debug\cmakecxxcompilerid.obj
e:\desktop\makeit\cg\project\软渲染器\tinyrenderer\tinyrenderer\bin-int-debug\imgui.obj
e:\desktop\makeit\cg\project\软渲染器\tinyrenderer\tinyrenderer\bin-int-debug\tgaimage.obj
e:\desktop\makeit\cg\project\软渲染器\tinyrenderer\tinyrenderer\bin-int-debug\binary_to_compressed_c.obj
e:\desktop\makeit\cg\project\软渲染器\tinyrenderer\tinyrenderer\bin-int-debug\imgui_widgets.obj
e:\desktop\makeit\cg\project\软渲染器\tinyrenderer\tinyrenderer\bin-int-debug\imgui_tables.obj
e:\desktop\makeit\cg\project\软渲染器\tinyrenderer\tinyrenderer\bin-int-debug\imgui_draw.obj
e:\desktop\makeit\cg\project\软渲染器\tinyrenderer\tinyrenderer\bin-int-debug\imgui_demo.obj
e:\desktop\makeit\cg\project\软渲染器\tinyrenderer\tinyrenderer\bin-int-debug\main.obj
e:\desktop\makeit\cg\project\软渲染器\tinyrenderer\tinyrenderer\bin-int-debug\imgui_impl_opengl3.obj
e:\desktop\makeit\cg\project\软渲染器\tinyrenderer\tinyrenderer\bin-int-debug\imgui_impl_glfw.obj
e:\desktop\makeit\cg\project\软渲染器\tinyrenderer\tinyrenderer\bin-debug\tinyrenderer.exe
e:\desktop\makeit\cg\project\软渲染器\tinyrenderer\tinyrenderer\bin-int-debug\tinyrenderer.ilk
e:\desktop\makeit\cg\project\软渲染器\tinyrenderer\tinyrenderer\bin-debug\tinyrenderer.pdb
e:\desktop\makeit\cg\project\软渲染器\tinyrenderer\tinyrenderer\bin-int-debug\tinyrenderer.tlog\cl.command.1.tlog
e:\desktop\makeit\cg\project\软渲染器\tinyrenderer\tinyrenderer\bin-int-debug\tinyrenderer.tlog\cl.read.1.tlog
e:\desktop\makeit\cg\project\软渲染器\tinyrenderer\tinyrenderer\bin-int-debug\tinyrenderer.tlog\cl.write.1.tlog
e:\desktop\makeit\cg\project\软渲染器\tinyrenderer\tinyrenderer\bin-int-debug\tinyrenderer.tlog\link.command.1.tlog
e:\desktop\makeit\cg\project\软渲染器\tinyrenderer\tinyrenderer\bin-int-debug\tinyrenderer.tlog\link.read.1.tlog
e:\desktop\makeit\cg\project\软渲染器\tinyrenderer\tinyrenderer\bin-int-debug\tinyrenderer.tlog\link.write.1.tlog
